2
{ gridSize: '2' }
2
parent
undefined
[ { id: 'DVR-251',
    code: 'DVR-251',
    children: 
     [ [Object],
       [Object],
       [Object],
       [Object],
       [Object],
       [Object],
       [Object],
       [Object],
       [Object],
       [Object],
       [Object],
       [Object],
       [Object],
       [Object],
       [Object],
       [Object],
       [Object],
       [Object],
       [Object],
       [Object],
       [Object],
       [Object],
       [Object],
       [Object],
       [Object],
       [Object],
       [Object],
       [Object],
       [Object],
       [Object],
       [Object],
       [Object] ] },
  { id: 'DVR-41', code: 'DVR-41', children: [] },
  { id: 'DVR-138',
    code: 'DVR-138',
    children: 
     [ [Object],
       [Object],
       [Object],
       [Object],
       [Object],
       [Object],
       [Object],
       [Object],
       [Object],
       [Object],
       [Object] ] },
  { id: 'DVR-137',
    code: 'DVR-137',
    children: 
     [ [Object],
       [Object],
       [Object],
       [Object],
       [Object],
       [Object],
       [Object],
       [Object],
       [Object],
       [Object],
       [Object] ] } ]
[ { id: 'cam-321',
    code: 'cam-321',
    source: 'rtsp://admin2:admin1234@192.168.0.251:554/cam/realmonitor?channel=21&subtype=1',
    sourceFullScreen: 'rtsp://admin2:admin1234@192.168.0.251:554/cam/realmonitor?channel=21&subtype=0' },
  { id: 'cam-322',
    code: 'cam-322',
    source: 'rtsp://admin2:admin1234@192.168.0.251:554/cam/realmonitor?channel=22&subtype=1',
    sourceFullScreen: 'rtsp://admin2:admin1234@192.168.0.251:554/cam/realmonitor?channel=22&subtype=0' },
  { id: 'cam-323',
    code: 'cam-323',
    source: 'rtsp://admin2:admin1234@192.168.0.251:554/cam/realmonitor?channel=23&subtype=1',
    sourceFullScreen: 'rtsp://admin2:admin1234@192.168.0.251:554/cam/realmonitor?channel=23&subtype=0' },
  { id: 'cam-324',
    code: 'cam-324',
    source: 'rtsp://admin2:admin1234@192.168.0.251:554/cam/realmonitor?channel=24&subtype=1',
    sourceFullScreen: 'rtsp://admin2:admin1234@192.168.0.251:554/cam/realmonitor?channel=24&subtype=0' },
  { id: 'cam-320',
    code: 'cam-320',
    source: 'rtsp://admin2:admin1234@192.168.0.251:554/cam/realmonitor?channel=20&subtype=1',
    sourceFullScreen: 'rtsp://admin2:admin1234@192.168.0.251:554/cam/realmonitor?channel=20&subtype=0' },
  { id: 'cam-329',
    code: 'cam-329',
    source: 'rtsp://admin2:admin1234@192.168.0.251:554/cam/realmonitor?channel=29&subtype=1',
    sourceFullScreen: 'rtsp://admin2:admin1234@192.168.0.251:554/cam/realmonitor?channel=29&subtype=0' },
  { id: 'cam-325',
    code: 'cam-325',
    source: 'rtsp://admin2:admin1234@192.168.0.251:554/cam/realmonitor?channel=25&subtype=1',
    sourceFullScreen: 'rtsp://admin2:admin1234@192.168.0.251:554/cam/realmonitor?channel=25&subtype=0' },
  { id: 'cam-326',
    code: 'cam-326',
    source: 'rtsp://admin2:admin1234@192.168.0.251:554/cam/realmonitor?channel=26&subtype=1',
    sourceFullScreen: 'rtsp://admin2:admin1234@192.168.0.251:554/cam/realmonitor?channel=26&subtype=0' },
  { id: 'cam-327',
    code: 'cam-327',
    source: 'rtsp://admin2:admin1234@192.168.0.251:554/cam/realmonitor?channel=27&subtype=1',
    sourceFullScreen: 'rtsp://admin2:admin1234@192.168.0.251:554/cam/realmonitor?channel=27&subtype=0' },
  { id: 'cam-328',
    code: 'cam-328',
    source: 'rtsp://admin2:admin1234@192.168.0.251:554/cam/realmonitor?channel=28&subtype=1',
    sourceFullScreen: 'rtsp://admin2:admin1234@192.168.0.251:554/cam/realmonitor?channel=28&subtype=0' },
  { id: 'cam-310',
    code: 'cam-310',
    source: 'rtsp://admin2:admin1234@192.168.0.251:554/cam/realmonitor?channel=10&subtype=1',
    sourceFullScreen: 'rtsp://admin2:admin1234@192.168.0.251:554/cam/realmonitor?channel=10&subtype=0' },
  { id: 'cam-311',
    code: 'cam-311',
    source: 'rtsp://admin2:admin1234@192.168.0.251:554/cam/realmonitor?channel=11&subtype=1',
    sourceFullScreen: 'rtsp://admin2:admin1234@192.168.0.251:554/cam/realmonitor?channel=11&subtype=0' },
  { id: 'cam-312',
    code: 'cam-312',
    source: 'rtsp://admin2:admin1234@192.168.0.251:554/cam/realmonitor?channel=12&subtype=1',
    sourceFullScreen: 'rtsp://admin2:admin1234@192.168.0.251:554/cam/realmonitor?channel=12&subtype=0' },
  { id: 'cam-313',
    code: 'cam-313',
    source: 'rtsp://admin2:admin1234@192.168.0.251:554/cam/realmonitor?channel=13&subtype=1',
    sourceFullScreen: 'rtsp://admin2:admin1234@192.168.0.251:554/cam/realmonitor?channel=13&subtype=0' },
  { id: 'cam-318',
    code: 'cam-318',
    source: 'rtsp://admin2:admin1234@192.168.0.251:554/cam/realmonitor?channel=18&subtype=1',
    sourceFullScreen: 'rtsp://admin2:admin1234@192.168.0.251:554/cam/realmonitor?channel=18&subtype=0' },
  { id: 'cam-319',
    code: 'cam-319',
    source: 'rtsp://admin2:admin1234@192.168.0.251:554/cam/realmonitor?channel=19&subtype=1',
    sourceFullScreen: 'rtsp://admin2:admin1234@192.168.0.251:554/cam/realmonitor?channel=19&subtype=0' },
  { id: 'cam-314',
    code: 'cam-314',
    source: 'rtsp://admin2:admin1234@192.168.0.251:554/cam/realmonitor?channel=14&subtype=1',
    sourceFullScreen: 'rtsp://admin2:admin1234@192.168.0.251:554/cam/realmonitor?channel=14&subtype=0' },
  { id: 'cam-315',
    code: 'cam-315',
    source: 'rtsp://admin2:admin1234@192.168.0.251:554/cam/realmonitor?channel=15&subtype=1',
    sourceFullScreen: 'rtsp://admin2:admin1234@192.168.0.251:554/cam/realmonitor?channel=15&subtype=0' },
  { id: 'cam-316',
    code: 'cam-316',
    source: 'rtsp://admin2:admin1234@192.168.0.251:554/cam/realmonitor?channel=16&subtype=1',
    sourceFullScreen: 'rtsp://admin2:admin1234@192.168.0.251:554/cam/realmonitor?channel=16&subtype=0' },
  { id: 'cam-317',
    code: 'cam-317',
    source: 'rtsp://admin2:admin1234@192.168.0.251:554/cam/realmonitor?channel=17&subtype=1',
    sourceFullScreen: 'rtsp://admin2:admin1234@192.168.0.251:554/cam/realmonitor?channel=17&subtype=0' },
  { id: 'cam-301',
    code: 'cam-301',
    source: 'rtsp://admin2:admin1234@192.168.0.251:554/cam/realmonitor?channel=1&subtype=1',
    sourceFullScreen: 'rtsp://admin2:admin1234@192.168.0.251:554/cam/realmonitor?channel=1&subtype=0' },
  { id: 'cam-302',
    code: 'cam-302',
    source: 'rtsp://admin2:admin1234@192.168.0.251:554/cam/realmonitor?channel=2&subtype=1',
    sourceFullScreen: 'rtsp://admin2:admin1234@192.168.0.251:554/cam/realmonitor?channel=2&subtype=0' },
  { id: 'cam-307',
    code: 'cam-307',
    source: 'rtsp://admin2:admin1234@192.168.0.251:554/cam/realmonitor?channel=7&subtype=1',
    sourceFullScreen: 'rtsp://admin2:admin1234@192.168.0.251:554/cam/realmonitor?channel=7&subtype=0' },
  { id: 'cam-308',
    code: 'cam-308',
    source: 'rtsp://admin2:admin1234@192.168.0.251:554/cam/realmonitor?channel=8&subtype=1',
    sourceFullScreen: 'rtsp://admin2:admin1234@192.168.0.251:554/cam/realmonitor?channel=8&subtype=0' },
  { id: 'cam-309',
    code: 'cam-309',
    source: 'rtsp://admin2:admin1234@192.168.0.251:554/cam/realmonitor?channel=9&subtype=1',
    sourceFullScreen: 'rtsp://admin2:admin1234@192.168.0.251:554/cam/realmonitor?channel=9&subtype=0' },
  { id: 'cam-303',
    code: 'cam-303',
    source: 'rtsp://admin2:admin1234@192.168.0.251:554/cam/realmonitor?channel=3&subtype=1',
    sourceFullScreen: 'rtsp://admin2:admin1234@192.168.0.251:554/cam/realmonitor?channel=3&subtype=0' },
  { id: 'cam-304',
    code: 'cam-304',
    source: 'rtsp://admin2:admin1234@192.168.0.251:554/cam/realmonitor?channel=4&subtype=1',
    sourceFullScreen: 'rtsp://admin2:admin1234@192.168.0.251:554/cam/realmonitor?channel=4&subtype=0' },
  { id: 'cam-305',
    code: 'cam-305',
    source: 'rtsp://admin2:admin1234@192.168.0.251:554/cam/realmonitor?channel=5&subtype=1',
    sourceFullScreen: 'rtsp://admin2:admin1234@192.168.0.251:554/cam/realmonitor?channel=5&subtype=0' },
  { id: 'cam-306',
    code: 'cam-306',
    source: 'rtsp://admin2:admin1234@192.168.0.251:554/cam/realmonitor?channel=6&subtype=1',
    sourceFullScreen: 'rtsp://admin2:admin1234@192.168.0.251:554/cam/realmonitor?channel=6&subtype=0' },
  { id: 'cam-332',
    code: 'cam-332',
    source: 'rtsp://admin2:admin1234@192.168.0.251:554/cam/realmonitor?channel=32&subtype=1',
    sourceFullScreen: 'rtsp://admin2:admin1234@192.168.0.251:554/cam/realmonitor?channel=32&subtype=0' },
  { id: 'cam-330',
    code: 'cam-330',
    source: 'rtsp://admin2:admin1234@192.168.0.251:554/cam/realmonitor?channel=30&subtype=1',
    sourceFullScreen: 'rtsp://admin2:admin1234@192.168.0.251:554/cam/realmonitor?channel=30&subtype=0' },
  { id: 'cam-331',
    code: 'cam-331',
    source: 'rtsp://admin2:admin1234@192.168.0.251:554/cam/realmonitor?channel=31&subtype=1',
    sourceFullScreen: 'rtsp://admin2:admin1234@192.168.0.251:554/cam/realmonitor?channel=31&subtype=0' } ]
[ { id: 'cam-113',
    code: 'cam-113',
    source: 'rtsp://admin:admin12345@192.168.1.138:554/Streaming/Channels/1302',
    sourceFullScreen: 'rtsp://admin:admin12345@192.168.1.138:554/Streaming/Channels/1301' },
  { id: 'cam-110',
    code: 'cam-110',
    source: 'rtsp://admin:admin12345@192.168.1.138:554/Streaming/Channels/1002',
    sourceFullScreen: 'rtsp://admin:admin12345@192.168.1.138:554/Streaming/Channels/1001' },
  { id: 'cam-101',
    code: 'cam-101',
    source: 'rtsp://admin:admin12345@192.168.1.138:554/Streaming/Channels/102',
    sourceFullScreen: 'rtsp://admin:admin12345@192.168.1.138:554/Streaming/Channels/101' },
  { id: 'cam-102',
    code: 'cam-102',
    source: 'rtsp://admin:admin12345@192.168.1.138:554/Streaming/Channels/202',
    sourceFullScreen: 'rtsp://admin:admin12345@192.168.1.138:554/Streaming/Channels/201' },
  { id: 'cam-103',
    code: 'cam-103',
    source: 'rtsp://admin:admin12345@192.168.1.138:554/Streaming/Channels/302',
    sourceFullScreen: 'rtsp://admin:admin12345@192.168.1.138:554/Streaming/Channels/301' },
  { id: 'cam-104',
    code: 'cam-104',
    source: 'rtsp://admin:admin12345@192.168.1.138:554/Streaming/Channels/402',
    sourceFullScreen: 'rtsp://admin:admin12345@192.168.1.138:554/Streaming/Channels/401' },
  { id: 'cam-109',
    code: 'cam-109',
    source: 'rtsp://admin:admin12345@192.168.1.138:554/Streaming/Channels/902',
    sourceFullScreen: 'rtsp://admin:admin12345@192.168.1.138:554/Streaming/Channels/901' },
  { id: 'cam-105',
    code: 'cam-105',
    source: 'rtsp://admin:admin12345@192.168.1.138:554/Streaming/Channels/502',
    sourceFullScreen: 'rtsp://admin:admin12345@192.168.1.138:554/Streaming/Channels/501' },
  { id: 'cam-106',
    code: 'cam-106',
    source: 'rtsp://admin:admin12345@192.168.1.138:554/Streaming/Channels/602',
    sourceFullScreen: 'rtsp://admin:admin12345@192.168.1.138:554/Streaming/Channels/601' },
  { id: 'cam-107',
    code: 'cam-107',
    source: 'rtsp://admin:admin12345@192.168.1.138:554/Streaming/Channels/702',
    sourceFullScreen: 'rtsp://admin:admin12345@192.168.1.138:554/Streaming/Channels/701' },
  { id: 'cam-108',
    code: 'cam-108',
    source: 'rtsp://admin:admin12345@192.168.1.138:554/Streaming/Channels/802',
    sourceFullScreen: 'rtsp://admin:admin12345@192.168.1.138:554/Streaming/Channels/801' } ]
[ { id: 'cam-203',
    code: 'cam-203',
    source: 'rtsp: //admin:admin1234@192.168.1.137:554/Streaming/Channels/302',
    sourceFullScreen: 'rtsp://admin:admin1234@192.168.1.137:554/Streaming/Channels/301' },
  { id: 'cam-208',
    code: 'cam-208',
    source: 'rtsp://admin:admin1234@192.168.1.137:554/Streaming/Channels/102',
    sourceFullScreen: 'rtsp://admin:admin1234@192.168.1.137:554/Streaming/Channels/801' },
  { id: 'cam-209',
    code: 'cam-209',
    source: 'rtsp://admin:admin1234@192.168.1.137:554/Streaming/Channels/902',
    sourceFullScreen: 'rtsp://admin:admin1234@192.168.1.137:554/Streaming/Channels/901' },
  { id: 'cam-204',
    code: 'cam-204',
    source: 'rtsp://admin:admin1234@192.168.1.137:554/Streaming/Channels/402',
    sourceFullScreen: 'rtsp://admin:admin1234@192.168.1.137:554/Streaming/Channels/401' },
  { id: 'cam-205',
    code: 'cam-205',
    source: 'rtsp://admin:admin1234@192.168.1.137:554/Streaming/Channels/502',
    sourceFullScreen: 'rtsp://admin:admin1234@192.168.1.137:554/Streaming/Channels/501' },
  { id: 'cam-206',
    code: 'cam-206',
    source: 'rtsp://admin:admin1234@192.168.1.137:554/Streaming/Channels/602',
    sourceFullScreen: 'rtsp://admin:admin1234@192.168.1.137:554/Streaming/Channels/601' },
  { id: 'cam-207',
    code: 'cam-207',
    source: 'rtsp://admin:admin1234@192.168.1.137:554/Streaming/Channels/702',
    sourceFullScreen: 'rtsp://admin:admin1234@192.168.1.137:554/Streaming/Channels/701' },
  { id: 'cam-211',
    code: 'cam-211',
    source: 'rtsp://admin:admin1234@192.168.1.137:554/Streaming/Channels/1102',
    sourceFullScreen: 'rtsp://admin:admin1234@192.168.1.137:554/Streaming/Channels/1101' },
  { id: 'cam-212',
    code: 'cam-212',
    source: 'rtsp://admin:admin1234@192.168.1.137:554/Streaming/Channels/1202',
    sourceFullScreen: 'rtsp://admin:admin1234@192.168.1.137:554/Streaming/Channels/1201' },
  { id: 'cam-213',
    code: 'cam-213',
    source: 'rtsp://admin:admin1234@192.168.1.137:554/Streaming/Channels/1302',
    sourceFullScreen: 'rtsp://admin:admin1234@192.168.1.137:554/Streaming/Channels/1301' },
  { id: 'cam-210',
    code: 'cam-210',
    source: 'rtsp://admin:admin1234@192.168.1.137:554/Streaming/Channels/1002',
    sourceFullScreen: 'rtsp://admin:admin1234@192.168.1.137:554/Streaming/Channels/1001' } ]
++++++++++++++++cam-321
++++++++++++++++--parent--DVR-251--cam-321-
here is done
pikakkakakkaplayer_
pikakkakakkacam-321
staring asynch video
0
HTMLDivElement {}
{ id: 'parent',
  code: 'parent',
  children: 
   [ { id: 'DVR-251', code: 'DVR-251', children: [Array] },
     { id: 'DVR-41', code: 'DVR-41', children: [] },
     { id: 'DVR-138', code: 'DVR-138', children: [Array] },
     { id: 'DVR-137', code: 'DVR-137', children: [Array] } ] }
cam-321
cam-321
pikakkakakka - dshfgdksfrtsp://admin2:admin1234@192.168.0.251:554/cam/realmonitor?channel=21&subtype=1
/var/www/html/stream/admin2/admin1234/1921680251/554/cam/realmonitor/channel21/subtype1/index.m3u8
[ 'rtsp://admin2:admin1234@192.168.0.251:554/cam/realmonitor?channel=21&subtype=1',
  '/var/www/html/stream/admin2/admin1234/1921680251/554/cam/realmonitor/channel21/subtype1/index.m3u8',
  '/var/www/html/stream/admin2/admin1234/1921680251/554/cam/realmonitor/channel21/subtype1' ]
ChildProcess {
  domain: null,
  _events: {},
  _eventsCount: 0,
  _maxListeners: undefined,
  _closesNeeded: 3,
  _closesGot: 0,
  connected: false,
  signalCode: null,
  exitCode: null,
  killed: false,
  spawnfile: '/opt/workspaces/wanasisRtsp/app/batch/run_source.sh',
  _handle: Process { owner: [Circular], onexit: [Function], pid: 59056 },
  spawnargs: 
   [ '/opt/workspaces/wanasisRtsp/app/batch/run_source.sh',
     'rtsp://admin2:admin1234@192.168.0.251:554/cam/realmonitor?channel=21&subtype=1',
     '/var/www/html/stream/admin2/admin1234/1921680251/554/cam/realmonitor/channel21/subtype1/index.m3u8',
     '/var/www/html/stream/admin2/admin1234/1921680251/554/cam/realmonitor/channel21/subtype1' ],
  pid: 59056,
  stdin: 
   Socket {
     connecting: false,
     _hadError: false,
     _handle: 
      Pipe {
        bytesRead: 0,
        _externalStream: [External],
        fd: 75,
        writeQueueSize: 0,
        owner: [Circular],
        onread: [Function: onread],
        reading: true },
     _parent: null,
     _host: null,
     _readableState: 
      ReadableState {
        objectMode: false,
        highWaterMark: 16384,
        buffer: [Object],
        length: 0,
        pipes: null,
        pipesCount: 0,
        flowing: null,
        ended: false,
        endEmitted: false,
        reading: true,
        sync: false,
        needReadable: true,
        emittedReadable: false,
        readableListening: false,
        resumeScheduled: false,
        destroyed: false,
        defaultEncoding: 'utf8',
        awaitDrain: 0,
        readingMore: false,
        decoder: null,
        encoding: null },
     readable: false,
     domain: null,
     _events: 
      { end: [Object],
        finish: [Function: onSocketFinish],
        _socketEnd: [Function: onSocketEnd] },
     _eventsCount: 3,
     _maxListeners: undefined,
     _writableState: 
      WritableState {
        objectMode: false,
        highWaterMark: 16384,
        finalCalled: false,
        needDrain: false,
        ending: false,
        ended: false,
        finished: false,
        destroyed: false,
        decodeStrings: false,
        defaultEncoding: 'utf8',
        length: 0,
        writing: false,
        corked: 0,
        sync: true,
        bufferProcessing: false,
        onwrite: [Function: bound onwrite],
        writecb: null,
        writelen: 0,
        bufferedRequest: null,
        lastBufferedRequest: null,
        pendingcb: 0,
        prefinished: false,
        errorEmitted: false,
        bufferedRequestCount: 0,
        corkedRequestsFree: [Object] },
     writable: true,
     allowHalfOpen: false,
     _bytesDispatched: 0,
     _sockname: null,
     _pendingData: null,
     _pendingEncoding: '',
     server: null,
     _server: null,
     [Symbol(asyncId)]: 53,
     [Symbol(bytesRead)]: 0 },
  stdout: 
   Socket {
     connecting: false,
     _hadError: false,
     _handle: 
      Pipe {
        bytesRead: 0,
        _externalStream: [External],
        fd: 77,
        writeQueueSize: 0,
        owner: [Circular],
        onread: [Function: onread],
        reading: true },
     _parent: null,
     _host: null,
     _readableState: 
      ReadableState {
        objectMode: false,
        highWaterMark: 16384,
        buffer: [Object],
        length: 0,
        pipes: null,
        pipesCount: 0,
        flowing: null,
        ended: false,
        endEmitted: false,
        reading: true,
        sync: false,
        needReadable: true,
        emittedReadable: false,
        readableListening: false,
        resumeScheduled: false,
        destroyed: false,
        defaultEncoding: 'utf8',
        awaitDrain: 0,
        readingMore: false,
        decoder: null,
        encoding: null },
     readable: true,
     domain: null,
     _events: 
      { end: [Object],
        finish: [Function: onSocketFinish],
        _socketEnd: [Function: onSocketEnd],
        close: [Function] },
     _eventsCount: 4,
     _maxListeners: undefined,
     _writableState: 
      WritableState {
        objectMode: false,
        highWaterMark: 16384,
        finalCalled: false,
        needDrain: false,
        ending: false,
        ended: false,
        finished: false,
        destroyed: false,
        decodeStrings: false,
        defaultEncoding: 'utf8',
        length: 0,
        writing: false,
        corked: 0,
        sync: true,
        bufferProcessing: false,
        onwrite: [Function: bound onwrite],
        writecb: null,
        writelen: 0,
        bufferedRequest: null,
        lastBufferedRequest: null,
        pendingcb: 0,
        prefinished: false,
        errorEmitted: false,
        bufferedRequestCount: 0,
        corkedRequestsFree: [Object] },
     writable: false,
     allowHalfOpen: false,
     _bytesDispatched: 0,
     _sockname: null,
     _pendingData: null,
     _pendingEncoding: '',
     server: null,
     _server: null,
     [Symbol(asyncId)]: 54,
     [Symbol(bytesRead)]: 0 },
  stderr: 
   Socket {
     connecting: false,
     _hadError: false,
     _handle: 
      Pipe {
        bytesRead: 0,
        _externalStream: [External],
        fd: 79,
        writeQueueSize: 0,
        owner: [Circular],
        onread: [Function: onread],
        reading: true },
     _parent: null,
     _host: null,
     _readableState: 
      ReadableState {
        objectMode: false,
        highWaterMark: 16384,
        buffer: [Object],
        length: 0,
        pipes: null,
        pipesCount: 0,
        flowing: null,
        ended: false,
        endEmitted: false,
        reading: true,
        sync: false,
        needReadable: true,
        emittedReadable: false,
        readableListening: false,
        resumeScheduled: false,
        destroyed: false,
        defaultEncoding: 'utf8',
        awaitDrain: 0,
        readingMore: false,
        decoder: null,
        encoding: null },
     readable: true,
     domain: null,
     _events: 
      { end: [Object],
        finish: [Function: onSocketFinish],
        _socketEnd: [Function: onSocketEnd],
        close: [Function] },
     _eventsCount: 4,
     _maxListeners: undefined,
     _writableState: 
      WritableState {
        objectMode: false,
        highWaterMark: 16384,
        finalCalled: false,
        needDrain: false,
        ending: false,
        ended: false,
        finished: false,
        destroyed: false,
        decodeStrings: false,
        defaultEncoding: 'utf8',
        length: 0,
        writing: false,
        corked: 0,
        sync: true,
        bufferProcessing: false,
        onwrite: [Function: bound onwrite],
        writecb: null,
        writelen: 0,
        bufferedRequest: null,
        lastBufferedRequest: null,
        pendingcb: 0,
        prefinished: false,
        errorEmitted: false,
        bufferedRequestCount: 0,
        corkedRequestsFree: [Object] },
     writable: false,
     allowHalfOpen: false,
     _bytesDispatched: 0,
     _sockname: null,
     _pendingData: null,
     _pendingEncoding: '',
     server: null,
     _server: null,
     [Symbol(asyncId)]: 55,
     [Symbol(bytesRead)]: 0 },
  stdio: 
   [ Socket {
       connecting: false,
       _hadError: false,
       _handle: [Object],
       _parent: null,
       _host: null,
       _readableState: [Object],
       readable: false,
       domain: null,
       _events: [Object],
       _eventsCount: 3,
       _maxListeners: undefined,
       _writableState: [Object],
       writable: true,
       allowHalfOpen: false,
       _bytesDispatched: 0,
       _sockname: null,
       _pendingData: null,
       _pendingEncoding: '',
       server: null,
       _server: null,
       [Symbol(asyncId)]: 53,
       [Symbol(bytesRead)]: 0 },
     Socket {
       connecting: false,
       _hadError: false,
       _handle: [Object],
       _parent: null,
       _host: null,
       _readableState: [Object],
       readable: true,
       domain: null,
       _events: [Object],
       _eventsCount: 4,
       _maxListeners: undefined,
       _writableState: [Object],
       writable: false,
       allowHalfOpen: false,
       _bytesDispatched: 0,
       _sockname: null,
       _pendingData: null,
       _pendingEncoding: '',
       server: null,
       _server: null,
       [Symbol(asyncId)]: 54,
       [Symbol(bytesRead)]: 0 },
     Socket {
       connecting: false,
       _hadError: false,
       _handle: [Object],
       _parent: null,
       _host: null,
       _readableState: [Object],
       readable: true,
       domain: null,
       _events: [Object],
       _eventsCount: 4,
       _maxListeners: undefined,
       _writableState: [Object],
       writable: false,
       allowHalfOpen: false,
       _bytesDispatched: 0,
       _sockname: null,
       _pendingData: null,
       _pendingEncoding: '',
       server: null,
       _server: null,
       [Symbol(asyncId)]: 55,
       [Symbol(bytesRead)]: 0 } ] }
the source to play is http://127.0.0.1/stream/admin2/admin1234/1921680251/554/cam/realmonitor/channel21/subtype1/index.m3u8
source = rtsp://admin2:admin1234@192.168.0.251:554/cam/realmonitor?channel=21&subtype=1
m3u8 = /var/www/html/stream/admin2/admin1234/1921680251/554/cam/realmonitor/channel21/subtype1/index.m3u8
folder /var/www/html/stream/admin2/admin1234/1921680251/554/cam/realmonitor/channel21/subtype1
pid==59059

pid==59059
[ { id: 'cam-321', pid: '59059' } ]
hello 
++++++++++++++++cam-322
++++++++++++++++--parent--DVR-251--cam-322-
here is done
pikakkakakkaplayer_
pikakkakakkacam-322
staring asynch video
0
HTMLDivElement {}
1
HTMLDivElement {}
{ id: 'parent',
  code: 'parent',
  children: 
   [ { id: 'DVR-251', code: 'DVR-251', children: [Array] },
     { id: 'DVR-41', code: 'DVR-41', children: [] },
     { id: 'DVR-138', code: 'DVR-138', children: [Array] },
     { id: 'DVR-137', code: 'DVR-137', children: [Array] } ] }
cam-322
cam-322
pikakkakakka - dshfgdksfrtsp://admin2:admin1234@192.168.0.251:554/cam/realmonitor?channel=22&subtype=1
/var/www/html/stream/admin2/admin1234/1921680251/554/cam/realmonitor/channel22/subtype1/index.m3u8
[ 'rtsp://admin2:admin1234@192.168.0.251:554/cam/realmonitor?channel=22&subtype=1',
  '/var/www/html/stream/admin2/admin1234/1921680251/554/cam/realmonitor/channel22/subtype1/index.m3u8',
  '/var/www/html/stream/admin2/admin1234/1921680251/554/cam/realmonitor/channel22/subtype1' ]
ChildProcess {
  domain: null,
  _events: {},
  _eventsCount: 0,
  _maxListeners: undefined,
  _closesNeeded: 3,
  _closesGot: 0,
  connected: false,
  signalCode: null,
  exitCode: null,
  killed: false,
  spawnfile: '/opt/workspaces/wanasisRtsp/app/batch/run_source.sh',
  _handle: Process { owner: [Circular], onexit: [Function], pid: 59062 },
  spawnargs: 
   [ '/opt/workspaces/wanasisRtsp/app/batch/run_source.sh',
     'rtsp://admin2:admin1234@192.168.0.251:554/cam/realmonitor?channel=22&subtype=1',
     '/var/www/html/stream/admin2/admin1234/1921680251/554/cam/realmonitor/channel22/subtype1/index.m3u8',
     '/var/www/html/stream/admin2/admin1234/1921680251/554/cam/realmonitor/channel22/subtype1' ],
  pid: 59062,
  stdin: 
   Socket {
     connecting: false,
     _hadError: false,
     _handle: 
      Pipe {
        bytesRead: 0,
        _externalStream: [External],
        fd: 42,
        writeQueueSize: 0,
        owner: [Circular],
        onread: [Function: onread],
        reading: true },
     _parent: null,
     _host: null,
     _readableState: 
      ReadableState {
        objectMode: false,
        highWaterMark: 16384,
        buffer: [Object],
        length: 0,
        pipes: null,
        pipesCount: 0,
        flowing: null,
        ended: false,
        endEmitted: false,
        reading: true,
        sync: false,
        needReadable: true,
        emittedReadable: false,
        readableListening: false,
        resumeScheduled: false,
        destroyed: false,
        defaultEncoding: 'utf8',
        awaitDrain: 0,
        readingMore: false,
        decoder: null,
        encoding: null },
     readable: false,
     domain: null,
     _events: 
      { end: [Object],
        finish: [Function: onSocketFinish],
        _socketEnd: [Function: onSocketEnd] },
     _eventsCount: 3,
     _maxListeners: undefined,
     _writableState: 
      WritableState {
        objectMode: false,
        highWaterMark: 16384,
        finalCalled: false,
        needDrain: false,
        ending: false,
        ended: false,
        finished: false,
        destroyed: false,
        decodeStrings: false,
        defaultEncoding: 'utf8',
        length: 0,
        writing: false,
        corked: 0,
        sync: true,
        bufferProcessing: false,
        onwrite: [Function: bound onwrite],
        writecb: null,
        writelen: 0,
        bufferedRequest: null,
        lastBufferedRequest: null,
        pendingcb: 0,
        prefinished: false,
        errorEmitted: false,
        bufferedRequestCount: 0,
        corkedRequestsFree: [Object] },
     writable: true,
     allowHalfOpen: false,
     _bytesDispatched: 0,
     _sockname: null,
     _pendingData: null,
     _pendingEncoding: '',
     server: null,
     _server: null,
     [Symbol(asyncId)]: 102,
     [Symbol(bytesRead)]: 0 },
  stdout: 
   Socket {
     connecting: false,
     _hadError: false,
     _handle: 
      Pipe {
        bytesRead: 0,
        _externalStream: [External],
        fd: 89,
        writeQueueSize: 0,
        owner: [Circular],
        onread: [Function: onread],
        reading: true },
     _parent: null,
     _host: null,
     _readableState: 
      ReadableState {
        objectMode: false,
        highWaterMark: 16384,
        buffer: [Object],
        length: 0,
        pipes: null,
        pipesCount: 0,
        flowing: null,
        ended: false,
        endEmitted: false,
        reading: true,
        sync: false,
        needReadable: true,
        emittedReadable: false,
        readableListening: false,
        resumeScheduled: false,
        destroyed: false,
        defaultEncoding: 'utf8',
        awaitDrain: 0,
        readingMore: false,
        decoder: null,
        encoding: null },
     readable: true,
     domain: null,
     _events: 
      { end: [Object],
        finish: [Function: onSocketFinish],
        _socketEnd: [Function: onSocketEnd],
        close: [Function] },
     _eventsCount: 4,
     _maxListeners: undefined,
     _writableState: 
      WritableState {
        objectMode: false,
        highWaterMark: 16384,
        finalCalled: false,
        needDrain: false,
        ending: false,
        ended: false,
        finished: false,
        destroyed: false,
        decodeStrings: false,
        defaultEncoding: 'utf8',
        length: 0,
        writing: false,
        corked: 0,
        sync: true,
        bufferProcessing: false,
        onwrite: [Function: bound onwrite],
        writecb: null,
        writelen: 0,
        bufferedRequest: null,
        lastBufferedRequest: null,
        pendingcb: 0,
        prefinished: false,
        errorEmitted: false,
        bufferedRequestCount: 0,
        corkedRequestsFree: [Object] },
     writable: false,
     allowHalfOpen: false,
     _bytesDispatched: 0,
     _sockname: null,
     _pendingData: null,
     _pendingEncoding: '',
     server: null,
     _server: null,
     [Symbol(asyncId)]: 103,
     [Symbol(bytesRead)]: 0 },
  stderr: 
   Socket {
     connecting: false,
     _hadError: false,
     _handle: 
      Pipe {
        bytesRead: 0,
        _externalStream: [External],
        fd: 91,
        writeQueueSize: 0,
        owner: [Circular],
        onread: [Function: onread],
        reading: true },
     _parent: null,
     _host: null,
     _readableState: 
      ReadableState {
        objectMode: false,
        highWaterMark: 16384,
        buffer: [Object],
        length: 0,
        pipes: null,
        pipesCount: 0,
        flowing: null,
        ended: false,
        endEmitted: false,
        reading: true,
        sync: false,
        needReadable: true,
        emittedReadable: false,
        readableListening: false,
        resumeScheduled: false,
        destroyed: false,
        defaultEncoding: 'utf8',
        awaitDrain: 0,
        readingMore: false,
        decoder: null,
        encoding: null },
     readable: true,
     domain: null,
     _events: 
      { end: [Object],
        finish: [Function: onSocketFinish],
        _socketEnd: [Function: onSocketEnd],
        close: [Function] },
     _eventsCount: 4,
     _maxListeners: undefined,
     _writableState: 
      WritableState {
        objectMode: false,
        highWaterMark: 16384,
        finalCalled: false,
        needDrain: false,
        ending: false,
        ended: false,
        finished: false,
        destroyed: false,
        decodeStrings: false,
        defaultEncoding: 'utf8',
        length: 0,
        writing: false,
        corked: 0,
        sync: true,
        bufferProcessing: false,
        onwrite: [Function: bound onwrite],
        writecb: null,
        writelen: 0,
        bufferedRequest: null,
        lastBufferedRequest: null,
        pendingcb: 0,
        prefinished: false,
        errorEmitted: false,
        bufferedRequestCount: 0,
        corkedRequestsFree: [Object] },
     writable: false,
     allowHalfOpen: false,
     _bytesDispatched: 0,
     _sockname: null,
     _pendingData: null,
     _pendingEncoding: '',
     server: null,
     _server: null,
     [Symbol(asyncId)]: 104,
     [Symbol(bytesRead)]: 0 },
  stdio: 
   [ Socket {
       connecting: false,
       _hadError: false,
       _handle: [Object],
       _parent: null,
       _host: null,
       _readableState: [Object],
       readable: false,
       domain: null,
       _events: [Object],
       _eventsCount: 3,
       _maxListeners: undefined,
       _writableState: [Object],
       writable: true,
       allowHalfOpen: false,
       _bytesDispatched: 0,
       _sockname: null,
       _pendingData: null,
       _pendingEncoding: '',
       server: null,
       _server: null,
       [Symbol(asyncId)]: 102,
       [Symbol(bytesRead)]: 0 },
     Socket {
       connecting: false,
       _hadError: false,
       _handle: [Object],
       _parent: null,
       _host: null,
       _readableState: [Object],
       readable: true,
       domain: null,
       _events: [Object],
       _eventsCount: 4,
       _maxListeners: undefined,
       _writableState: [Object],
       writable: false,
       allowHalfOpen: false,
       _bytesDispatched: 0,
       _sockname: null,
       _pendingData: null,
       _pendingEncoding: '',
       server: null,
       _server: null,
       [Symbol(asyncId)]: 103,
       [Symbol(bytesRead)]: 0 },
     Socket {
       connecting: false,
       _hadError: false,
       _handle: [Object],
       _parent: null,
       _host: null,
       _readableState: [Object],
       readable: true,
       domain: null,
       _events: [Object],
       _eventsCount: 4,
       _maxListeners: undefined,
       _writableState: [Object],
       writable: false,
       allowHalfOpen: false,
       _bytesDispatched: 0,
       _sockname: null,
       _pendingData: null,
       _pendingEncoding: '',
       server: null,
       _server: null,
       [Symbol(asyncId)]: 104,
       [Symbol(bytesRead)]: 0 } ] }
the source to play is http://127.0.0.1/stream/admin2/admin1234/1921680251/554/cam/realmonitor/channel22/subtype1/index.m3u8
source = rtsp://admin2:admin1234@192.168.0.251:554/cam/realmonitor?channel=22&subtype=1
m3u8 = /var/www/html/stream/admin2/admin1234/1921680251/554/cam/realmonitor/channel22/subtype1/index.m3u8
folder /var/www/html/stream/admin2/admin1234/1921680251/554/cam/realmonitor/channel22/subtype1
pid==59065

pid==59065
[ { id: 'cam-321', pid: '59059' },
  { id: 'cam-322', pid: '59065' } ]
hello 
++++++++++++++++cam-323
++++++++++++++++--parent--DVR-251--cam-323-
here is done
pikakkakakkaplayer_
pikakkakakkacam-323
staring asynch video
0
HTMLDivElement {}
1
HTMLDivElement {}
2
HTMLDivElement {}
{ id: 'parent',
  code: 'parent',
  children: 
   [ { id: 'DVR-251', code: 'DVR-251', children: [Array] },
     { id: 'DVR-41', code: 'DVR-41', children: [] },
     { id: 'DVR-138', code: 'DVR-138', children: [Array] },
     { id: 'DVR-137', code: 'DVR-137', children: [Array] } ] }
cam-323
cam-323
pikakkakakka - dshfgdksfrtsp://admin2:admin1234@192.168.0.251:554/cam/realmonitor?channel=23&subtype=1
/var/www/html/stream/admin2/admin1234/1921680251/554/cam/realmonitor/channel23/subtype1/index.m3u8
[ 'rtsp://admin2:admin1234@192.168.0.251:554/cam/realmonitor?channel=23&subtype=1',
  '/var/www/html/stream/admin2/admin1234/1921680251/554/cam/realmonitor/channel23/subtype1/index.m3u8',
  '/var/www/html/stream/admin2/admin1234/1921680251/554/cam/realmonitor/channel23/subtype1' ]
ChildProcess {
  domain: null,
  _events: {},
  _eventsCount: 0,
  _maxListeners: undefined,
  _closesNeeded: 3,
  _closesGot: 0,
  connected: false,
  signalCode: null,
  exitCode: null,
  killed: false,
  spawnfile: '/opt/workspaces/wanasisRtsp/app/batch/run_source.sh',
  _handle: Process { owner: [Circular], onexit: [Function], pid: 59068 },
  spawnargs: 
   [ '/opt/workspaces/wanasisRtsp/app/batch/run_source.sh',
     'rtsp://admin2:admin1234@192.168.0.251:554/cam/realmonitor?channel=23&subtype=1',
     '/var/www/html/stream/admin2/admin1234/1921680251/554/cam/realmonitor/channel23/subtype1/index.m3u8',
     '/var/www/html/stream/admin2/admin1234/1921680251/554/cam/realmonitor/channel23/subtype1' ],
  pid: 59068,
  stdin: 
   Socket {
     connecting: false,
     _hadError: false,
     _handle: 
      Pipe {
        bytesRead: 0,
        _externalStream: [External],
        fd: 108,
        writeQueueSize: 0,
        owner: [Circular],
        onread: [Function: onread],
        reading: true },
     _parent: null,
     _host: null,
     _readableState: 
      ReadableState {
        objectMode: false,
        highWaterMark: 16384,
        buffer: [Object],
        length: 0,
        pipes: null,
        pipesCount: 0,
        flowing: null,
        ended: false,
        endEmitted: false,
        reading: true,
        sync: false,
        needReadable: true,
        emittedReadable: false,
        readableListening: false,
        resumeScheduled: false,
        destroyed: false,
        defaultEncoding: 'utf8',
        awaitDrain: 0,
        readingMore: false,
        decoder: null,
        encoding: null },
     readable: false,
     domain: null,
     _events: 
      { end: [Object],
        finish: [Function: onSocketFinish],
        _socketEnd: [Function: onSocketEnd] },
     _eventsCount: 3,
     _maxListeners: undefined,
     _writableState: 
      WritableState {
        objectMode: false,
        highWaterMark: 16384,
        finalCalled: false,
        needDrain: false,
        ending: false,
        ended: false,
        finished: false,
        destroyed: false,
        decodeStrings: false,
        defaultEncoding: 'utf8',
        length: 0,
        writing: false,
        corked: 0,
        sync: true,
        bufferProcessing: false,
        onwrite: [Function: bound onwrite],
        writecb: null,
        writelen: 0,
        bufferedRequest: null,
        lastBufferedRequest: null,
        pendingcb: 0,
        prefinished: false,
        errorEmitted: false,
        bufferedRequestCount: 0,
        corkedRequestsFree: [Object] },
     writable: true,
     allowHalfOpen: false,
     _bytesDispatched: 0,
     _sockname: null,
     _pendingData: null,
     _pendingEncoding: '',
     server: null,
     _server: null,
     [Symbol(asyncId)]: 152,
     [Symbol(bytesRead)]: 0 },
  stdout: 
   Socket {
     connecting: false,
     _hadError: false,
     _handle: 
      Pipe {
        bytesRead: 0,
        _externalStream: [External],
        fd: 110,
        writeQueueSize: 0,
        owner: [Circular],
        onread: [Function: onread],
        reading: true },
     _parent: null,
     _host: null,
     _readableState: 
      ReadableState {
        objectMode: false,
        highWaterMark: 16384,
        buffer: [Object],
        length: 0,
        pipes: null,
        pipesCount: 0,
        flowing: null,
        ended: false,
        endEmitted: false,
        reading: true,
        sync: false,
        needReadable: true,
        emittedReadable: false,
        readableListening: false,
        resumeScheduled: false,
        destroyed: false,
        defaultEncoding: 'utf8',
        awaitDrain: 0,
        readingMore: false,
        decoder: null,
        encoding: null },
     readable: true,
     domain: null,
     _events: 
      { end: [Object],
        finish: [Function: onSocketFinish],
        _socketEnd: [Function: onSocketEnd],
        close: [Function] },
     _eventsCount: 4,
     _maxListeners: undefined,
     _writableState: 
      WritableState {
        objectMode: false,
        highWaterMark: 16384,
        finalCalled: false,
        needDrain: false,
        ending: false,
        ended: false,
        finished: false,
        destroyed: false,
        decodeStrings: false,
        defaultEncoding: 'utf8',
        length: 0,
        writing: false,
        corked: 0,
        sync: true,
        bufferProcessing: false,
        onwrite: [Function: bound onwrite],
        writecb: null,
        writelen: 0,
        bufferedRequest: null,
        lastBufferedRequest: null,
        pendingcb: 0,
        prefinished: false,
        errorEmitted: false,
        bufferedRequestCount: 0,
        corkedRequestsFree: [Object] },
     writable: false,
     allowHalfOpen: false,
     _bytesDispatched: 0,
     _sockname: null,
     _pendingData: null,
     _pendingEncoding: '',
     server: null,
     _server: null,
     [Symbol(asyncId)]: 153,
     [Symbol(bytesRead)]: 0 },
  stderr: 
   Socket {
     connecting: false,
     _hadError: false,
     _handle: 
      Pipe {
        bytesRead: 0,
        _externalStream: [External],
        fd: 112,
        writeQueueSize: 0,
        owner: [Circular],
        onread: [Function: onread],
        reading: true },
     _parent: null,
     _host: null,
     _readableState: 
      ReadableState {
        objectMode: false,
        highWaterMark: 16384,
        buffer: [Object],
        length: 0,
        pipes: null,
        pipesCount: 0,
        flowing: null,
        ended: false,
        endEmitted: false,
        reading: true,
        sync: false,
        needReadable: true,
        emittedReadable: false,
        readableListening: false,
        resumeScheduled: false,
        destroyed: false,
        defaultEncoding: 'utf8',
        awaitDrain: 0,
        readingMore: false,
        decoder: null,
        encoding: null },
     readable: true,
     domain: null,
     _events: 
      { end: [Object],
        finish: [Function: onSocketFinish],
        _socketEnd: [Function: onSocketEnd],
        close: [Function] },
     _eventsCount: 4,
     _maxListeners: undefined,
     _writableState: 
      WritableState {
        objectMode: false,
        highWaterMark: 16384,
        finalCalled: false,
        needDrain: false,
        ending: false,
        ended: false,
        finished: false,
        destroyed: false,
        decodeStrings: false,
        defaultEncoding: 'utf8',
        length: 0,
        writing: false,
        corked: 0,
        sync: true,
        bufferProcessing: false,
        onwrite: [Function: bound onwrite],
        writecb: null,
        writelen: 0,
        bufferedRequest: null,
        lastBufferedRequest: null,
        pendingcb: 0,
        prefinished: false,
        errorEmitted: false,
        bufferedRequestCount: 0,
        corkedRequestsFree: [Object] },
     writable: false,
     allowHalfOpen: false,
     _bytesDispatched: 0,
     _sockname: null,
     _pendingData: null,
     _pendingEncoding: '',
     server: null,
     _server: null,
     [Symbol(asyncId)]: 154,
     [Symbol(bytesRead)]: 0 },
  stdio: 
   [ Socket {
       connecting: false,
       _hadError: false,
       _handle: [Object],
       _parent: null,
       _host: null,
       _readableState: [Object],
       readable: false,
       domain: null,
       _events: [Object],
       _eventsCount: 3,
       _maxListeners: undefined,
       _writableState: [Object],
       writable: true,
       allowHalfOpen: false,
       _bytesDispatched: 0,
       _sockname: null,
       _pendingData: null,
       _pendingEncoding: '',
       server: null,
       _server: null,
       [Symbol(asyncId)]: 152,
       [Symbol(bytesRead)]: 0 },
     Socket {
       connecting: false,
       _hadError: false,
       _handle: [Object],
       _parent: null,
       _host: null,
       _readableState: [Object],
       readable: true,
       domain: null,
       _events: [Object],
       _eventsCount: 4,
       _maxListeners: undefined,
       _writableState: [Object],
       writable: false,
       allowHalfOpen: false,
       _bytesDispatched: 0,
       _sockname: null,
       _pendingData: null,
       _pendingEncoding: '',
       server: null,
       _server: null,
       [Symbol(asyncId)]: 153,
       [Symbol(bytesRead)]: 0 },
     Socket {
       connecting: false,
       _hadError: false,
       _handle: [Object],
       _parent: null,
       _host: null,
       _readableState: [Object],
       readable: true,
       domain: null,
       _events: [Object],
       _eventsCount: 4,
       _maxListeners: undefined,
       _writableState: [Object],
       writable: false,
       allowHalfOpen: false,
       _bytesDispatched: 0,
       _sockname: null,
       _pendingData: null,
       _pendingEncoding: '',
       server: null,
       _server: null,
       [Symbol(asyncId)]: 154,
       [Symbol(bytesRead)]: 0 } ] }
the source to play is http://127.0.0.1/stream/admin2/admin1234/1921680251/554/cam/realmonitor/channel23/subtype1/index.m3u8
source = rtsp://admin2:admin1234@192.168.0.251:554/cam/realmonitor?channel=23&subtype=1
m3u8 = /var/www/html/stream/admin2/admin1234/1921680251/554/cam/realmonitor/channel23/subtype1/index.m3u8
folder /var/www/html/stream/admin2/admin1234/1921680251/554/cam/realmonitor/channel23/subtype1
pid==59071

pid==59071
[ { id: 'cam-321', pid: '59059' },
  { id: 'cam-322', pid: '59065' },
  { id: 'cam-323', pid: '59071' } ]
hello 
still waiting for interval
++++++++++++++++cam-324
++++++++++++++++--parent--DVR-251--cam-324-
here is done
pikakkakakkaplayer_
pikakkakakkacam-324
staring asynch video
0
HTMLDivElement {}
1
HTMLDivElement {}
2
HTMLDivElement {}
3
HTMLDivElement {}
{ id: 'parent',
  code: 'parent',
  children: 
   [ { id: 'DVR-251', code: 'DVR-251', children: [Array] },
     { id: 'DVR-41', code: 'DVR-41', children: [] },
     { id: 'DVR-138', code: 'DVR-138', children: [Array] },
     { id: 'DVR-137', code: 'DVR-137', children: [Array] } ] }
cam-324
cam-324
pikakkakakka - dshfgdksfrtsp://admin2:admin1234@192.168.0.251:554/cam/realmonitor?channel=24&subtype=1
/var/www/html/stream/admin2/admin1234/1921680251/554/cam/realmonitor/channel24/subtype1/index.m3u8
[ 'rtsp://admin2:admin1234@192.168.0.251:554/cam/realmonitor?channel=24&subtype=1',
  '/var/www/html/stream/admin2/admin1234/1921680251/554/cam/realmonitor/channel24/subtype1/index.m3u8',
  '/var/www/html/stream/admin2/admin1234/1921680251/554/cam/realmonitor/channel24/subtype1' ]
ChildProcess {
  domain: null,
  _events: {},
  _eventsCount: 0,
  _maxListeners: undefined,
  _closesNeeded: 3,
  _closesGot: 0,
  connected: false,
  signalCode: null,
  exitCode: null,
  killed: false,
  spawnfile: '/opt/workspaces/wanasisRtsp/app/batch/run_source.sh',
  _handle: Process { owner: [Circular], onexit: [Function], pid: 59072 },
  spawnargs: 
   [ '/opt/workspaces/wanasisRtsp/app/batch/run_source.sh',
     'rtsp://admin2:admin1234@192.168.0.251:554/cam/realmonitor?channel=24&subtype=1',
     '/var/www/html/stream/admin2/admin1234/1921680251/554/cam/realmonitor/channel24/subtype1/index.m3u8',
     '/var/www/html/stream/admin2/admin1234/1921680251/554/cam/realmonitor/channel24/subtype1' ],
  pid: 59072,
  stdin: 
   Socket {
     connecting: false,
     _hadError: false,
     _handle: 
      Pipe {
        bytesRead: 0,
        _externalStream: [External],
        fd: 109,
        writeQueueSize: 0,
        owner: [Circular],
        onread: [Function: onread],
        reading: true },
     _parent: null,
     _host: null,
     _readableState: 
      ReadableState {
        objectMode: false,
        highWaterMark: 16384,
        buffer: [Object],
        length: 0,
        pipes: null,
        pipesCount: 0,
        flowing: null,
        ended: false,
        endEmitted: false,
        reading: true,
        sync: false,
        needReadable: true,
        emittedReadable: false,
        readableListening: false,
        resumeScheduled: false,
        destroyed: false,
        defaultEncoding: 'utf8',
        awaitDrain: 0,
        readingMore: false,
        decoder: null,
        encoding: null },
     readable: false,
     domain: null,
     _events: 
      { end: [Object],
        finish: [Function: onSocketFinish],
        _socketEnd: [Function: onSocketEnd] },
     _eventsCount: 3,
     _maxListeners: undefined,
     _writableState: 
      WritableState {
        objectMode: false,
        highWaterMark: 16384,
        finalCalled: false,
        needDrain: false,
        ending: false,
        ended: false,
        finished: false,
        destroyed: false,
        decodeStrings: false,
        defaultEncoding: 'utf8',
        length: 0,
        writing: false,
        corked: 0,
        sync: true,
        bufferProcessing: false,
        onwrite: [Function: bound onwrite],
        writecb: null,
        writelen: 0,
        bufferedRequest: null,
        lastBufferedRequest: null,
        pendingcb: 0,
        prefinished: false,
        errorEmitted: false,
        bufferedRequestCount: 0,
        corkedRequestsFree: [Object] },
     writable: true,
     allowHalfOpen: false,
     _bytesDispatched: 0,
     _sockname: null,
     _pendingData: null,
     _pendingEncoding: '',
     server: null,
     _server: null,
     [Symbol(asyncId)]: 206,
     [Symbol(bytesRead)]: 0 },
  stdout: 
   Socket {
     connecting: false,
     _hadError: false,
     _handle: 
      Pipe {
        bytesRead: 0,
        _externalStream: [External],
        fd: 113,
        writeQueueSize: 0,
        owner: [Circular],
        onread: [Function: onread],
        reading: true },
     _parent: null,
     _host: null,
     _readableState: 
      ReadableState {
        objectMode: false,
        highWaterMark: 16384,
        buffer: [Object],
        length: 0,
        pipes: null,
        pipesCount: 0,
        flowing: null,
        ended: false,
        endEmitted: false,
        reading: true,
        sync: false,
        needReadable: true,
        emittedReadable: false,
        readableListening: false,
        resumeScheduled: false,
        destroyed: false,
        defaultEncoding: 'utf8',
        awaitDrain: 0,
        readingMore: false,
        decoder: null,
        encoding: null },
     readable: true,
     domain: null,
     _events: 
      { end: [Object],
        finish: [Function: onSocketFinish],
        _socketEnd: [Function: onSocketEnd],
        close: [Function] },
     _eventsCount: 4,
     _maxListeners: undefined,
     _writableState: 
      WritableState {
        objectMode: false,
        highWaterMark: 16384,
        finalCalled: false,
        needDrain: false,
        ending: false,
        ended: false,
        finished: false,
        destroyed: false,
        decodeStrings: false,
        defaultEncoding: 'utf8',
        length: 0,
        writing: false,
        corked: 0,
        sync: true,
        bufferProcessing: false,
        onwrite: [Function: bound onwrite],
        writecb: null,
        writelen: 0,
        bufferedRequest: null,
        lastBufferedRequest: null,
        pendingcb: 0,
        prefinished: false,
        errorEmitted: false,
        bufferedRequestCount: 0,
        corkedRequestsFree: [Object] },
     writable: false,
     allowHalfOpen: false,
     _bytesDispatched: 0,
     _sockname: null,
     _pendingData: null,
     _pendingEncoding: '',
     server: null,
     _server: null,
     [Symbol(asyncId)]: 207,
     [Symbol(bytesRead)]: 0 },
  stderr: 
   Socket {
     connecting: false,
     _hadError: false,
     _handle: 
      Pipe {
        bytesRead: 0,
        _externalStream: [External],
        fd: 115,
        writeQueueSize: 0,
        owner: [Circular],
        onread: [Function: onread],
        reading: true },
     _parent: null,
     _host: null,
     _readableState: 
      ReadableState {
        objectMode: false,
        highWaterMark: 16384,
        buffer: [Object],
        length: 0,
        pipes: null,
        pipesCount: 0,
        flowing: null,
        ended: false,
        endEmitted: false,
        reading: true,
        sync: false,
        needReadable: true,
        emittedReadable: false,
        readableListening: false,
        resumeScheduled: false,
        destroyed: false,
        defaultEncoding: 'utf8',
        awaitDrain: 0,
        readingMore: false,
        decoder: null,
        encoding: null },
     readable: true,
     domain: null,
     _events: 
      { end: [Object],
        finish: [Function: onSocketFinish],
        _socketEnd: [Function: onSocketEnd],
        close: [Function] },
     _eventsCount: 4,
     _maxListeners: undefined,
     _writableState: 
      WritableState {
        objectMode: false,
        highWaterMark: 16384,
        finalCalled: false,
        needDrain: false,
        ending: false,
        ended: false,
        finished: false,
        destroyed: false,
        decodeStrings: false,
        defaultEncoding: 'utf8',
        length: 0,
        writing: false,
        corked: 0,
        sync: true,
        bufferProcessing: false,
        onwrite: [Function: bound onwrite],
        writecb: null,
        writelen: 0,
        bufferedRequest: null,
        lastBufferedRequest: null,
        pendingcb: 0,
        prefinished: false,
        errorEmitted: false,
        bufferedRequestCount: 0,
        corkedRequestsFree: [Object] },
     writable: false,
     allowHalfOpen: false,
     _bytesDispatched: 0,
     _sockname: null,
     _pendingData: null,
     _pendingEncoding: '',
     server: null,
     _server: null,
     [Symbol(asyncId)]: 208,
     [Symbol(bytesRead)]: 0 },
  stdio: 
   [ Socket {
       connecting: false,
       _hadError: false,
       _handle: [Object],
       _parent: null,
       _host: null,
       _readableState: [Object],
       readable: false,
       domain: null,
       _events: [Object],
       _eventsCount: 3,
       _maxListeners: undefined,
       _writableState: [Object],
       writable: true,
       allowHalfOpen: false,
       _bytesDispatched: 0,
       _sockname: null,
       _pendingData: null,
       _pendingEncoding: '',
       server: null,
       _server: null,
       [Symbol(asyncId)]: 206,
       [Symbol(bytesRead)]: 0 },
     Socket {
       connecting: false,
       _hadError: false,
       _handle: [Object],
       _parent: null,
       _host: null,
       _readableState: [Object],
       readable: true,
       domain: null,
       _events: [Object],
       _eventsCount: 4,
       _maxListeners: undefined,
       _writableState: [Object],
       writable: false,
       allowHalfOpen: false,
       _bytesDispatched: 0,
       _sockname: null,
       _pendingData: null,
       _pendingEncoding: '',
       server: null,
       _server: null,
       [Symbol(asyncId)]: 207,
       [Symbol(bytesRead)]: 0 },
     Socket {
       connecting: false,
       _hadError: false,
       _handle: [Object],
       _parent: null,
       _host: null,
       _readableState: [Object],
       readable: true,
       domain: null,
       _events: [Object],
       _eventsCount: 4,
       _maxListeners: undefined,
       _writableState: [Object],
       writable: false,
       allowHalfOpen: false,
       _bytesDispatched: 0,
       _sockname: null,
       _pendingData: null,
       _pendingEncoding: '',
       server: null,
       _server: null,
       [Symbol(asyncId)]: 208,
       [Symbol(bytesRead)]: 0 } ] }
the source to play is http://127.0.0.1/stream/admin2/admin1234/1921680251/554/cam/realmonitor/channel24/subtype1/index.m3u8
source = rtsp://admin2:admin1234@192.168.0.251:554/cam/realmonitor?channel=24&subtype=1
m3u8 = /var/www/html/stream/admin2/admin1234/1921680251/554/cam/realmonitor/channel24/subtype1/index.m3u8
folder /var/www/html/stream/admin2/admin1234/1921680251/554/cam/realmonitor/channel24/subtype1
pid==59075

pid==59075
[ { id: 'cam-321', pid: '59059' },
  { id: 'cam-322', pid: '59065' },
  { id: 'cam-323', pid: '59071' },
  { id: 'cam-324', pid: '59075' } ]
still waiting for interval
hello 
still waiting for interval
still waiting for interval
still waiting for interval
still waiting for interval
still waiting for interval
still waiting for interval
still waiting for interval
still waiting for interval
still waiting for interval
still waiting for interval
still waiting for interval
still waiting for interval
still waiting for interval
still waiting for interval
still waiting for interval
still waiting for interval
still waiting for interval
still waiting for interval
still waiting for interval
still waiting for interval
still waiting for interval
still waiting for interval
still waiting for interval
still waiting for interval
still waiting for interval
still waiting for interval
still waiting for interval
still waiting for interval
still waiting for interval
still waiting for interval
still waiting for interval
still waiting for interval
still waiting for interval
still waiting for interval
still waiting for interval
still waiting for interval
still waiting for interval
still waiting for interval
still waiting for interval
still waiting for interval
still waiting for interval
still waiting for interval
still waiting for interval
still waiting for interval
still waiting for interval
still waiting for interval
still waiting for interval
still waiting for interval
still waiting for interval
still waiting for interval
still waiting for interval
still waiting for interval
still waiting for interval
still waiting for interval
still waiting for interval
still waiting for interval
still waiting for interval
still waiting for interval
still waiting for interval
still waiting for interval
still waiting for interval
still waiting for interval
still waiting for interval
still waiting for interval
still waiting for interval
still waiting for interval
still waiting for interval
still waiting for interval
still waiting for interval
still waiting for interval
still waiting for interval
still waiting for interval
still waiting for interval
still waiting for interval
still waiting for interval
still waiting for interval
still waiting for interval
still waiting for interval
still waiting for interval
still waiting for interval
still waiting for interval
still waiting for interval
still waiting for interval
still waiting for interval
still waiting for interval
still waiting for interval
still waiting for interval
still waiting for interval
still waiting for interval
still waiting for interval
still waiting for interval
still waiting for interval
still waiting for interval
still waiting for interval
still waiting for interval
still waiting for interval
still waiting for interval
still waiting for interval
still waiting for interval
still waiting for interval
still waiting for interval
still waiting for interval
still waiting for interval
still waiting for interval
still waiting for interval
still waiting for interval
still waiting for interval
still waiting for interval
still waiting for interval
still waiting for interval
still waiting for interval
still waiting for interval
still waiting for interval
still waiting for interval
still waiting for interval
still waiting for interval
still waiting for interval
still waiting for interval
still waiting for interval
still waiting for interval
still waiting for interval
still waiting for interval
still waiting for interval
still waiting for interval
still waiting for interval
still waiting for interval
still waiting for interval
still waiting for interval
still waiting for interval
still waiting for interval
closing the ffmpeg pid 59059
child process complete.
still waiting for interval
still waiting for interval
closing the ffmpeg pid 59065
child process complete.
still waiting for interval
still waiting for interval
closing the ffmpeg pid 59071
child process complete.
still waiting for interval
still waiting for interval
closing the ffmpeg pid 59075
child process complete.
still waiting for interval
still waiting for interval
still waiting for interval
still waiting for interval
still waiting for interval
still waiting for interval
still waiting for interval
still waiting for interval
still waiting for interval
still waiting for interval
still waiting for interval
still waiting for interval
still waiting for interval
still waiting for interval
still waiting for interval
still waiting for interval
still waiting for interval
still waiting for interval
still waiting for interval
still waiting for interval
still waiting for interval
still waiting for interval
still waiting for interval
still waiting for interval
still waiting for interval
still waiting for interval
still waiting for interval
still waiting for interval
still waiting for interval
still waiting for interval
still waiting for interval
still waiting for interval
still waiting for interval
still waiting for interval
still waiting for interval
still waiting for interval
still waiting for interval
still waiting for interval
still waiting for interval
still waiting for interval
still waiting for interval
still waiting for interval
still waiting for interval
still waiting for interval
still waiting for interval
still waiting for interval
still waiting for interval
still waiting for interval
still waiting for interval
still waiting for interval
still waiting for interval
still waiting for interval
still waiting for interval
still waiting for interval
still waiting for interval
still waiting for interval
still waiting for interval
still waiting for interval
still waiting for interval
still waiting for interval
still waiting for interval
still waiting for interval
still waiting for interval
still waiting for interval
still waiting for interval
still waiting for interval
still waiting for interval
still waiting for interval
